This is pdfeTeX, Version 3.141592-1.21a-2.2 (MiKTeX 2.4) (preloaded format=latex 2008.8.29)  18 NOV 2008 17:06
entering extended mode
**proposal.tex
(proposal.tex
LaTeX2e <2005/12/01>
Babel <v3.8g> and hyphenation patterns for english, dumylang, nohyphenation, ge
rman, ngerman, french, loaded.
(d:\tools\CTeX\texmf\tex\latex\base\article.cls
Document Class: article 2005/09/16 v1.4f Standard LaTeX document class
(d:\tools\CTeX\texmf\tex\latex\base\size12.clo
File: size12.clo 2005/09/16 v1.4f Standard LaTeX file (size option)
)
\c@part=\count79
\c@section=\count80
\c@subsection=\count81
\c@subsubsection=\count82
\c@paragraph=\count83
\c@subparagraph=\count84
\c@figure=\count85
\c@table=\count86
\abovecaptionskip=\skip41
\belowcaptionskip=\skip42
\bibindent=\dimen102
)
(d:\tools\CTeX\texmf\tex\latex\psnfss\times.sty
Package: times 2005/04/12 PSNFSS-v9.2a (SPQR) 
)
(d:\tools\CTeX\texmf\tex\latex\graphics\graphicx.sty
Package: graphicx 1999/02/16 v1.0f Enhanced LaTeX Graphics (DPC,SPQR)

(d:\tools\CTeX\texmf\tex\latex\graphics\keyval.sty
Package: keyval 1999/03/16 v1.13 key=value parser (DPC)
\KV@toks@=\toks14
)
(d:\tools\CTeX\texmf\tex\latex\graphics\graphics.sty
Package: graphics 2006/02/20 v1.0o Standard LaTeX Graphics (DPC,SPQR)

(d:\tools\CTeX\texmf\tex\latex\graphics\trig.sty
Package: trig 1999/03/16 v1.09 sin cos tan (DPC)
)
(d:\tools\CTeX\texmf\tex\latex\00miktex\graphics.cfg
File: graphics.cfg 2005/12/29 v1.2 MiKTeX 'graphics' configuration
)
Package graphics Info: Driver file: pdftex.def on input line 90.

(d:\tools\CTeX\texmf\tex\latex\graphics\pdftex.def
File: pdftex.def 2006/08/14 v0.03t Graphics/color for pdfTeX
\Gread@gobject=\count87
))
\Gin@req@height=\dimen103
\Gin@req@width=\dimen104
)
(d:\tools\CTeX\texmf\tex\latex\graphics\color.sty
Package: color 2005/11/14 v1.0j Standard LaTeX Color (DPC)

(d:\tools\CTeX\texmf\tex\latex\00miktex\color.cfg
File: color.cfg 2005/12/29 v1.1 MiKTeX 'color' configuration
)
Package color Info: Driver file: pdftex.def on input line 130.
)
(d:\tools\CTeX\texmf\tex\latex\hyperref\hyperref.sty
Package: hyperref 2006/09/06 v6.75e Hypertext links for LaTeX
\@linkdim=\dimen105
\Hy@linkcounter=\count88
\Hy@pagecounter=\count89

(d:\tools\CTeX\texmf\tex\latex\hyperref\pd1enc.def
File: pd1enc.def 2006/09/06 v6.75e Hyperref: PDFDocEncoding definition (HO)
)
(d:\tools\CTeX\texmf\tex\latex\00miktex\hyperref.cfg
File: hyperref.cfg 2006/02/14 v1.1 MiKTeX 'hyperref' configuration
)
(d:\tools\CTeX\texmf\tex\latex\oberdiek\kvoptions.sty
Package: kvoptions 2006/08/22 v2.4 Connects package keyval with LaTeX options (
HO)
)
Package hyperref Info: Option `colorlinks' set `false' on input line 2073.
Package hyperref Info: Hyper figures OFF on input line 2123.
Package hyperref Info: Link nesting OFF on input line 2128.
Package hyperref Info: Hyper index ON on input line 2131.
Package hyperref Info: Plain pages OFF on input line 2138.
Package hyperref Info: Backreferencing OFF on input line 2143.

Implicit mode ON; LaTeX internals redefined
Package hyperref Info: Bookmarks ON on input line 2273.
(d:\tools\CTeX\texmf\tex\latex\ltxmisc\url.sty
\Urlmuskip=\muskip10
Package: url 2005/06/27  ver 3.2  Verb mode for urls, etc.
)
LaTeX Info: Redefining \url on input line 2428.
\Fld@menulength=\count90
\Field@Width=\dimen106
\Fld@charsize=\dimen107
\Choice@toks=\toks15
\Field@toks=\toks16
Package hyperref Info: Hyper figures OFF on input line 2906.
Package hyperref Info: Link nesting OFF on input line 2911.
Package hyperref Info: Hyper index ON on input line 2914.
Package hyperref Info: backreferencing OFF on input line 2921.
Package hyperref Info: Link coloring OFF on input line 2926.
\Hy@abspage=\count91
\c@Item=\count92
\c@Hfootnote=\count93
)
*hyperref using default driver hpdftex*
(d:\tools\CTeX\texmf\tex\latex\hyperref\hpdftex.def
File: hpdftex.def 2006/09/06 v6.75e Hyperref driver for pdfTeX
\Fld@listcount=\count94
)
(d:\tools\CTeX\texmf\tex\latex\tools\enumerate.sty
Package: enumerate 1999/03/05 v3.00 enumerate extensions (DPC)
\@enLab=\toks17
)
(d:\tools\CTeX\texmf\tex\latex\multirow\multirow.sty
\bigstrutjot=\dimen108
)
(d:\tools\CTeX\texmf\tex\latex\titling\titling.sty
Package: titling 2004/09/26 v2.1c maketitle typesetting
\thanksmarkwidth=\skip43
\thanksmargin=\skip44
\droptitle=\skip45
)
(d:\tools\CTeX\texmf\tex\latex\geometry\geometry.sty
Package: geometry 2002/07/08 v3.2 Page Geometry
\Gm@cnth=\count95
\Gm@cntv=\count96
\c@Gm@tempcnt=\count97
\Gm@bindingoffset=\dimen109
\Gm@wd@mp=\dimen110
\Gm@odd@mp=\dimen111
\Gm@even@mp=\dimen112
\Gm@dimlist=\toks18

(d:\tools\CTeX\texmf\tex\latex\geometry\geometry.cfg))
(d:\tools\CTeX\texmf\tex\latex\comment\comment.sty
\CommentStream=\write3
 Excluding comment 'comment') (d:\tools\CTeX\texmf\tex\latex\subfigure\subfigur
e.sty
Package: subfigure 2002/07/30 v2.1.4 subfigure package
\subfigtopskip=\skip46
\subfigcapskip=\skip47
\subfigcaptopadj=\dimen113
\subfigbottomskip=\skip48
\subfigcapmargin=\dimen114
\subfiglabelskip=\skip49
\c@subfigure=\count98
\c@lofdepth=\count99
\c@subtable=\count100
\c@lotdepth=\count101

****************************************
* Local config file subfigure.cfg used *
****************************************
(d:\tools\CTeX\texmf\tex\latex\subfigure\subfigure.cfg)
\subfig@top=\skip50
\subfig@bottom=\skip51
)
(d:\tools\CTeX\localtexmf\tex\latex\pgf-2.00\latex\pgf\frontendlayer\tikz.sty
(d:\tools\CTeX\localtexmf\tex\latex\pgf-2.00\latex\pgf\basiclayer\pgf.sty
(d:\tools\CTeX\localtexmf\tex\latex\pgf-2.00\latex\pgf\utilities\pgfrcs.sty
(d:\tools\CTeX\localtexmf\tex\latex\pgf-2.00\generic\pgf\utilities\pgfutil-comm
on.tex
\pgfutil@everybye=\toks19
)
(d:\tools\CTeX\localtexmf\tex\latex\pgf-2.00\generic\pgf\utilities\pgfutil-late
x.def)
(d:\tools\CTeX\localtexmf\tex\latex\pgf-2.00\generic\pgf\utilities\pgfrcs.code.
tex
Package: pgfrcs 2008/02/20 v2.00 (rcs-revision 1.21)
))
Package: pgf 2008/01/15 v2.00 (rcs-revision 1.12)

(d:\tools\CTeX\localtexmf\tex\latex\pgf-2.00\latex\pgf\basiclayer\pgfcore.sty
(d:\tools\CTeX\localtexmf\tex\latex\pgf-2.00\latex\pgf\systemlayer\pgfsys.sty
(d:\tools\CTeX\localtexmf\tex\latex\pgf-2.00\generic\pgf\systemlayer\pgfsys.cod
e.tex
Package: pgfsys 2008/02/07 v2.00 (rcs-revision 1.31)

(d:\tools\CTeX\localtexmf\tex\latex\pgf-2.00\generic\pgf\utilities\pgfkeys.code
.tex
\pgfkeys@pathtoks=\toks20
\pgfkeys@temptoks=\toks21
)
\pgf@x=\dimen115
\pgf@y=\dimen116
\pgf@xa=\dimen117
\pgf@ya=\dimen118
\pgf@xb=\dimen119
\pgf@yb=\dimen120
\pgf@xc=\dimen121
\pgf@yc=\dimen122
\c@pgf@counta=\count102
\c@pgf@countb=\count103
\c@pgf@countc=\count104
\c@pgf@countd=\count105

(d:\tools\CTeX\localtexmf\tex\latex\pgf-2.00\generic\pgf\systemlayer\pgf.cfg
File: pgf.cfg 2008/01/13  (rcs-revision 1.6)
)
Package pgfsys Info: Driver file for pgf: pgfsys-pdftex.def on input line 885.

(d:\tools\CTeX\localtexmf\tex\latex\pgf-2.00\generic\pgf\systemlayer\pgfsys-pdf
tex.def
File: pgfsys-pdftex.def 2007/12/20  (rcs-revision 1.20)

(d:\tools\CTeX\localtexmf\tex\latex\pgf-2.00\generic\pgf\systemlayer\pgfsys-com
mon-pdf.def
File: pgfsys-common-pdf.def 2007/12/17  (rcs-revision 1.8)
)))
(d:\tools\CTeX\localtexmf\tex\latex\pgf-2.00\generic\pgf\systemlayer\pgfsyssoft
path.code.tex
File: pgfsyssoftpath.code.tex 2008/01/23  (rcs-revision 1.6)
\pgfsyssoftpath@smallbuffer@items=\count106
\pgfsyssoftpath@bigbuffer@items=\count107
)
(d:\tools\CTeX\localtexmf\tex\latex\pgf-2.00\generic\pgf\systemlayer\pgfsysprot
ocol.code.tex
File: pgfsysprotocol.code.tex 2006/10/16  (rcs-revision 1.4)
)) (d:\tools\CTeX\texmf\tex\latex\xcolor\xcolor.sty
Package: xcolor 2005/12/21 v2.09 LaTeX color extensions (UK)

(d:\tools\CTeX\texmf\tex\latex\00miktex\color.cfg
File: color.cfg 2005/12/29 v1.1 MiKTeX 'color' configuration
)
Package xcolor Info: Driver file: pdftex.def on input line 220.
LaTeX Info: Redefining \color on input line 692.
Package xcolor Info: Model `cmy' substituted by `cmy0' on input line 1328.
Package xcolor Info: Model `hsb' substituted by `rgb' on input line 1332.
Package xcolor Info: Model `RGB' extended on input line 1344.
Package xcolor Info: Model `HTML' substituted by `rgb' on input line 1346.
Package xcolor Info: Model `Hsb' substituted by `hsb' on input line 1347.
Package xcolor Info: Model `tHsb' substituted by `hsb' on input line 1348.
Package xcolor Info: Model `HSB' substituted by `hsb' on input line 1349.
Package xcolor Info: Model `Gray' substituted by `gray' on input line 1350.
Package xcolor Info: Model `wave' substituted by `hsb' on input line 1351.
)
(d:\tools\CTeX\localtexmf\tex\latex\pgf-2.00\generic\pgf\basiclayer\pgfcore.cod
e.tex
Package: pgfcore 2008/01/15 v2.00 (rcs-revision 1.6)

(d:\tools\CTeX\localtexmf\tex\latex\pgf-2.00\generic\pgf\math\pgfmath.code.tex
(d:\tools\CTeX\localtexmf\tex\latex\pgf-2.00\generic\pgf\math\pgfmathcalc.code.
tex
(d:\tools\CTeX\localtexmf\tex\latex\pgf-2.00\generic\pgf\math\pgfmathutil.code.
tex
\pgfmath@box=\box26
)
(d:\tools\CTeX\localtexmf\tex\latex\pgf-2.00\generic\pgf\math\pgfmathparser.cod
e.tex
\pgfmath@stack=\toks22
\c@pgfmath@parsecounta=\count108
\c@pgfmath@parsecountb=\count109
\c@pgfmath@parsecountc=\count110
\pgfmath@parsex=\dimen123
)
(d:\tools\CTeX\localtexmf\tex\latex\pgf-2.00\generic\pgf\math\pgfmathoperations
.code.tex
(d:\tools\CTeX\localtexmf\tex\latex\pgf-2.00\generic\pgf\math\pgfmathtrig.code.
tex)
(d:\tools\CTeX\localtexmf\tex\latex\pgf-2.00\generic\pgf\math\pgfmathrnd.code.t
ex))
(d:\tools\CTeX\localtexmf\tex\latex\pgf-2.00\generic\pgf\math\pgfmathbase.code.
tex)))
(d:\tools\CTeX\localtexmf\tex\latex\pgf-2.00\generic\pgf\basiclayer\pgfcorepoin
ts.code.tex
File: pgfcorepoints.code.tex 2008/02/03  (rcs-revision 1.13)
\pgf@picminx=\dimen124
\pgf@picmaxx=\dimen125
\pgf@picminy=\dimen126
\pgf@picmaxy=\dimen127
\pgf@pathminx=\dimen128
\pgf@pathmaxx=\dimen129
\pgf@pathminy=\dimen130
\pgf@pathmaxy=\dimen131
\pgf@xx=\dimen132
\pgf@xy=\dimen133
\pgf@yx=\dimen134
\pgf@yy=\dimen135
\pgf@zx=\dimen136
\pgf@zy=\dimen137
)
(d:\tools\CTeX\localtexmf\tex\latex\pgf-2.00\generic\pgf\basiclayer\pgfcorepath
construct.code.tex
File: pgfcorepathconstruct.code.tex 2008/02/13  (rcs-revision 1.14)
\pgf@path@lastx=\dimen138
\pgf@path@lasty=\dimen139
)
(d:\tools\CTeX\localtexmf\tex\latex\pgf-2.00\generic\pgf\basiclayer\pgfcorepath
usage.code.tex
File: pgfcorepathusage.code.tex 2008/01/23  (rcs-revision 1.11)
\pgf@shorten@end@additional=\dimen140
\pgf@shorten@start@additional=\dimen141
)
(d:\tools\CTeX\localtexmf\tex\latex\pgf-2.00\generic\pgf\basiclayer\pgfcorescop
es.code.tex
File: pgfcorescopes.code.tex 2008/01/15  (rcs-revision 1.26)
\pgfpic=\box27
\pgf@hbox=\box28
\pgf@layerbox@main=\box29
\pgf@picture@serial@count=\count111
)
(d:\tools\CTeX\localtexmf\tex\latex\pgf-2.00\generic\pgf\basiclayer\pgfcoregrap
hicstate.code.tex
File: pgfcoregraphicstate.code.tex 2007/12/12  (rcs-revision 1.8)
\pgflinewidth=\dimen142
)
(d:\tools\CTeX\localtexmf\tex\latex\pgf-2.00\generic\pgf\basiclayer\pgfcoretran
sformations.code.tex
File: pgfcoretransformations.code.tex 2008/02/04  (rcs-revision 1.10)
\pgf@pt@x=\dimen143
\pgf@pt@y=\dimen144
\pgf@pt@temp=\dimen145
)
(d:\tools\CTeX\localtexmf\tex\latex\pgf-2.00\generic\pgf\basiclayer\pgfcorequic
k.code.tex
File: pgfcorequick.code.tex 2006/10/11  (rcs-revision 1.2)
)
(d:\tools\CTeX\localtexmf\tex\latex\pgf-2.00\generic\pgf\basiclayer\pgfcoreobje
cts.code.tex
File: pgfcoreobjects.code.tex 2006/10/11  (rcs-revision 1.2)
)
(d:\tools\CTeX\localtexmf\tex\latex\pgf-2.00\generic\pgf\basiclayer\pgfcorepath
processing.code.tex
File: pgfcorepathprocessing.code.tex 2008/01/23  (rcs-revision 1.7)
)
(d:\tools\CTeX\localtexmf\tex\latex\pgf-2.00\generic\pgf\basiclayer\pgfcorearro
ws.code.tex
File: pgfcorearrows.code.tex 2007/06/07  (rcs-revision 1.8)
)
(d:\tools\CTeX\localtexmf\tex\latex\pgf-2.00\generic\pgf\basiclayer\pgfcoreshad
e.code.tex
File: pgfcoreshade.code.tex 2007/12/10  (rcs-revision 1.9)
\pgf@max=\dimen146
\pgf@sys@shading@range@num=\count112
)
(d:\tools\CTeX\localtexmf\tex\latex\pgf-2.00\generic\pgf\basiclayer\pgfcoreimag
e.code.tex
File: pgfcoreimage.code.tex 2008/01/15  (rcs-revision 1.1)
\pgfexternal@startupbox=\box30
)
(d:\tools\CTeX\localtexmf\tex\latex\pgf-2.00\generic\pgf\basiclayer\pgfcorelaye
rs.code.tex
File: pgfcorelayers.code.tex 2008/01/15  (rcs-revision 1.1)
)
(d:\tools\CTeX\localtexmf\tex\latex\pgf-2.00\generic\pgf\basiclayer\pgfcoretran
sparency.code.tex
File: pgfcoretransparency.code.tex 2008/01/17  (rcs-revision 1.2)
)
(d:\tools\CTeX\localtexmf\tex\latex\pgf-2.00\generic\pgf\basiclayer\pgfcorepatt
erns.code.tex
File: pgfcorepatterns.code.tex 2008/01/15  (rcs-revision 1.1)
)))
(d:\tools\CTeX\localtexmf\tex\latex\pgf-2.00\generic\pgf\modules\pgfmoduleshape
s.code.tex
File: pgfmoduleshapes.code.tex 2008/02/13  (rcs-revision 1.4)
\pgfnodeparttextbox=\box31
\toks@savedmacro=\toks23
)
(d:\tools\CTeX\localtexmf\tex\latex\pgf-2.00\generic\pgf\modules\pgfmoduleplot.
code.tex
File: pgfmoduleplot.code.tex 2008/01/15  (rcs-revision 1.1)
\pgf@plotwrite=\write4
)
(d:\tools\CTeX\localtexmf\tex\latex\pgf-2.00\latex\pgf\compatibility\pgfcomp-ve
rsion-0-65.sty
Package: pgfcomp-version-0-65 2007/07/03 v2.00 (rcs-revision 1.7)
\pgf@nodesepstart=\dimen147
\pgf@nodesepend=\dimen148
)
(d:\tools\CTeX\localtexmf\tex\latex\pgf-2.00\latex\pgf\compatibility\pgfcomp-ve
rsion-1-18.sty
Package: pgfcomp-version-1-18 2007/07/23 v2.00 (rcs-revision 1.1)
))
(d:\tools\CTeX\localtexmf\tex\latex\pgf-2.00\latex\pgf\utilities\pgffor.sty
(d:\tools\CTeX\localtexmf\tex\latex\pgf-2.00\generic\pgf\utilities\pgffor.code.
tex
Package: pgffor 2007/11/07 v2.00 (rcs-revision 1.8)
\pgffor@iter=\dimen149
\pgffor@skip=\dimen150
))
(d:\tools\CTeX\localtexmf\tex\latex\pgf-2.00\generic\pgf\frontendlayer\tikz\tik
z.code.tex
Package: tikz 2008/02/13 v2.00 (rcs-revision 1.27)

(d:\tools\CTeX\localtexmf\tex\latex\pgf-2.00\generic\pgf\libraries\pgflibrarypl
othandlers.code.tex
File: pgflibraryplothandlers.code.tex 2007/03/09 v2.00 (rcs-revision 1.9)
\pgf@plot@mark@count=\count113
\pgfplotmarksize=\dimen151
)
\tikz@lastx=\dimen152
\tikz@lasty=\dimen153
\tikz@lastxsaved=\dimen154
\tikz@lastysaved=\dimen155
\tikzleveldistance=\dimen156
\tikzsiblingdistance=\dimen157
\tikz@figbox=\box32
\tikz@tempbox=\box33
\tikztreelevel=\count114
\tikznumberofchildren=\count115
\tikznumberofcurrentchild=\count116
\tikz@fig@count=\count117

(d:\tools\CTeX\localtexmf\tex\latex\pgf-2.00\generic\pgf\modules\pgfmodulematri
x.code.tex
File: pgfmodulematrix.code.tex 2008/01/15  (rcs-revision 1.1)
\pgfmatrixcurrentrow=\count118
\pgfmatrixcurrentcolumn=\count119
\pgf@matrix@numberofcolumns=\count120
)
\tikz@expandcount=\count121

(d:\tools\CTeX\localtexmf\tex\latex\pgf-2.00\generic\pgf\frontendlayer\tikz\lib
raries\tikzlibrarytopaths.code.tex
File: tikzlibrarytopaths.code.tex 2008/01/09 v2.00 (rcs-revision 1.1)
)))
(d:\tools\CTeX\texmf\tex\latex\amsmath\amsmath.sty
Package: amsmath 2000/07/18 v2.13 AMS math features
\@mathmargin=\skip52

For additional information on amsmath, use the `?' option.
(d:\tools\CTeX\texmf\tex\latex\amsmath\amstext.sty
Package: amstext 2000/06/29 v2.01

(d:\tools\CTeX\texmf\tex\latex\amsmath\amsgen.sty
File: amsgen.sty 1999/11/30 v2.0
\@emptytoks=\toks24
\ex@=\dimen158
))
(d:\tools\CTeX\texmf\tex\latex\amsmath\amsbsy.sty
Package: amsbsy 1999/11/29 v1.2d
\pmbraise@=\dimen159
)
(d:\tools\CTeX\texmf\tex\latex\amsmath\amsopn.sty
Package: amsopn 1999/12/14 v2.01 operator names
)
\inf@bad=\count122
LaTeX Info: Redefining \frac on input line 211.
\uproot@=\count123
\leftroot@=\count124
LaTeX Info: Redefining \overline on input line 307.
\classnum@=\count125
\DOTSCASE@=\count126
LaTeX Info: Redefining \ldots on input line 379.
LaTeX Info: Redefining \dots on input line 382.
LaTeX Info: Redefining \cdots on input line 467.
\Mathstrutbox@=\box34
\strutbox@=\box35
\big@size=\dimen160
LaTeX Font Info:    Redeclaring font encoding OML on input line 567.
LaTeX Font Info:    Redeclaring font encoding OMS on input line 568.
\macc@depth=\count127
\c@MaxMatrixCols=\count128
\dotsspace@=\muskip11
\c@parentequation=\count129
\dspbrk@lvl=\count130
\tag@help=\toks25
\row@=\count131
\column@=\count132
\maxfields@=\count133
\andhelp@=\toks26
\eqnshift@=\dimen161
\alignsep@=\dimen162
\tagshift@=\dimen163
\tagwidth@=\dimen164
\totwidth@=\dimen165
\lineht@=\dimen166
\@envbody=\toks27
\multlinegap=\skip53
\multlinetaggap=\skip54
\mathdisplay@stack=\toks28
LaTeX Info: Redefining \[ on input line 2666.
LaTeX Info: Redefining \] on input line 2667.
)
(d:\tools\CTeX\localtexmf\tex\latex\pgf-2.00\generic\pgf\frontendlayer\tikz\lib
raries\tikzlibrarysnakes.code.tex
File: tikzlibrarysnakes.code.tex 2008/02/05 v2.00 (rcs-revision 1.6)


Package tikz Warning: Snakes have been superseded by decorations. Please use th
e decoration libraries instead of the snakes library on input line 14.


(d:\tools\CTeX\localtexmf\tex\latex\pgf-2.00\generic\pgf\frontendlayer\tikz\lib
raries\tikzlibrarydecorations.pathmorphing.code.tex
(d:\tools\CTeX\localtexmf\tex\latex\pgf-2.00\generic\pgf\frontendlayer\tikz\lib
raries\tikzlibrarydecorations.code.tex
(d:\tools\CTeX\localtexmf\tex\latex\pgf-2.00\generic\pgf\modules\pgfmoduledecor
ations.code.tex
\pgfdecoratedcompleteddistance=\dimen167
\pgfdecoratedremainingdistance=\dimen168
\pgfdecoratedinputsegmentcompleteddistance=\dimen169
\pgfdecoratedinputsegmentremainingdistance=\dimen170
\pgf@decorate@distancetomove=\dimen171
\pgf@decorate@repeatstate=\count134
\pgfdecorationsegmentamplitude=\dimen172
\pgfdecorationsegmentlength=\dimen173
))
(d:\tools\CTeX\localtexmf\tex\latex\pgf-2.00\generic\pgf\libraries\pgflibraryde
corations.pathmorphing.code.tex))
(d:\tools\CTeX\localtexmf\tex\latex\pgf-2.00\generic\pgf\frontendlayer\tikz\lib
raries\tikzlibrarydecorations.pathreplacing.code.tex
(d:\tools\CTeX\localtexmf\tex\latex\pgf-2.00\generic\pgf\libraries\pgflibraryde
corations.pathreplacing.code.tex))
(d:\tools\CTeX\localtexmf\tex\latex\pgf-2.00\generic\pgf\frontendlayer\tikz\lib
raries\tikzlibrarydecorations.shapes.code.tex
(d:\tools\CTeX\localtexmf\tex\latex\pgf-2.00\generic\pgf\libraries\pgflibraryde
corations.shapes.code.tex)))
(d:\tools\CTeX\localtexmf\tex\latex\pgf-2.00\generic\pgf\frontendlayer\tikz\lib
raries\tikzlibraryarrows.code.tex
File: tikzlibraryarrows.code.tex 2008/01/09 v2.00 (rcs-revision 1.1)

(d:\tools\CTeX\localtexmf\tex\latex\pgf-2.00\generic\pgf\libraries\pgflibraryar
rows.code.tex
File: pgflibraryarrows.code.tex 2007/06/07 v2.00 (rcs-revision 1.7)
)) (proposal.aux)
LaTeX Font Info:    Checking defaults for OML/cmm/m/it on input line 38.
LaTeX Font Info:    ... okay on input line 38.
LaTeX Font Info:    Checking defaults for T1/cmr/m/n on input line 38.
LaTeX Font Info:    ... okay on input line 38.
LaTeX Font Info:    Checking defaults for OT1/cmr/m/n on input line 38.
LaTeX Font Info:    ... okay on input line 38.
LaTeX Font Info:    Checking defaults for OMS/cmsy/m/n on input line 38.
LaTeX Font Info:    ... okay on input line 38.
LaTeX Font Info:    Checking defaults for OMX/cmex/m/n on input line 38.
LaTeX Font Info:    ... okay on input line 38.
LaTeX Font Info:    Checking defaults for U/cmr/m/n on input line 38.
LaTeX Font Info:    ... okay on input line 38.
LaTeX Font Info:    Checking defaults for PD1/pdf/m/n on input line 38.
LaTeX Font Info:    ... okay on input line 38.
LaTeX Font Info:    Try loading font information for OT1+ptm on input line 38.
 (d:\tools\CTeX\texmf\tex\latex\psnfss\ot1ptm.fd
File: ot1ptm.fd 2001/06/04 font definitions for OT1/ptm.
) (d:\tools\CTeX\texmf\tex\context\base\supp-pdf.tex
(d:\tools\CTeX\texmf\tex\context\base\supp-mis.tex
loading : Context Support Macros / Miscellaneous (2004.10.26)
\protectiondepth=\count135
\scratchcounter=\count136
\scratchtoks=\toks29
\scratchdimen=\dimen174
\scratchskip=\skip55
\scratchmuskip=\muskip12
\scratchbox=\box36
\scratchread=\read1
\scratchwrite=\write5
\zeropoint=\dimen175
\onepoint=\dimen176
\onebasepoint=\dimen177
\minusone=\count137
\thousandpoint=\dimen178
\onerealpoint=\dimen179
\emptytoks=\toks30
\nextbox=\box37
\nextdepth=\dimen180
\everyline=\toks31
\!!counta=\count138
\!!countb=\count139
\recursecounter=\count140
)
loading : Context Support Macros / PDF (2004.03.26)
\nofMPsegments=\count141
\nofMParguments=\count142
\MPscratchCnt=\count143
\MPscratchDim=\dimen181
\MPnumerator=\count144
\everyMPtoPDFconversion=\toks32
)
Package hyperref Info: Link coloring OFF on input line 38.
 (d:\tools\CTeX\texmf\tex\latex\hyperref\nameref.sty
Package: nameref 2006/08/15 v2.26 Cross-referencing by name of section

(d:\tools\CTeX\texmf\tex\latex\oberdiek\refcount.sty
Package: refcount 2006/02/20 v3.0 Data extraction from references (HO)
)
\c@section@level=\count145
)
LaTeX Info: Redefining \ref on input line 38.
LaTeX Info: Redefining \pageref on input line 38.
 (proposal.out)
(proposal.out)
\@outlinefile=\write6
-------------------- Geometry parameters
paper: a4paper
landscape: --
twocolumn: --
twoside: --
asymmetric: --
h-parts: 86.72377pt, 424.06033pt, 86.72377pt
v-parts: 86.72377pt, 671.5993pt, 86.72377pt
hmarginratio: --
vmarginratio: --
lines: --
heightrounded: --
bindingoffset: 0.0pt
truedimen: --
includehead: --
includefoot: --
includemp: --
driver: pdftex
-------------------- Page layout dimensions and switches
\paperwidth  597.50787pt
\paperheight 845.04684pt
\textwidth  424.06033pt
\textheight 671.5993pt
\oddsidemargin  14.45378pt
\evensidemargin 14.45378pt
\topmargin  -22.54622pt
\headheight 12.0pt
\headsep    25.0pt
\footskip   30.0pt
\marginparwidth 35.0pt
\marginparsep   10.0pt
\columnsep  10.0pt
\skip\footins  10.8pt plus 4.0pt minus 2.0pt
\hoffset 0.0pt
\voffset 0.0pt
\mag 1000

(1in=72.27pt, 1cm=28.45pt)
-----------------------
LaTeX Font Info:    Font shape `OT1/ptm/bx/n' in size <12> not available
(Font)              Font shape `OT1/ptm/b/n' tried instead on input line 40.
LaTeX Font Info:    Font shape `OT1/ptm/bx/n' in size <24.88> not available
(Font)              Font shape `OT1/ptm/b/n' tried instead on input line 40.
LaTeX Font Info:    Font shape `OT1/ptm/bx/n' in size <17.28> not available
(Font)              Font shape `OT1/ptm/b/n' tried instead on input line 40.
LaTeX Font Info:    Font shape `OT1/ptm/bx/n' in size <10.95> not available
(Font)              Font shape `OT1/ptm/b/n' tried instead on input line 41.
 [1

{psfonts.map}]
Overfull \hbox (3.7327pt too wide) in paragraph at lines 91--94
\OT1/ptm/m/n/10.95 plish the par-al-lel mov-ing of droplet, which can be eas-il
y achieved in direct-addressing
 []

(proposal.bbl [2]
Missing character: There is no Â in font ptmr7t!
Missing character: There is no ¨ in font ptmr7t!
Missing character: There is no Â in font ptmr7t!
Missing character: There is no ¢ in font ptmr7t!
Missing character: There is no Â in font ptmr7t!
Missing character: There is no ¨ in font ptmr7t!
Missing character: There is no Â in font ptmr7t!
Missing character: There is no ¦ in font ptmr7t!
) [3] (proposal.aux) ) 
Here is how much of TeX's memory you used:
 11303 strings out of 95503
 192117 string characters out of 1189109
 246894 words of memory out of 1247522
 13948 multiletter control sequences out of 60000
 18109 words of font info for 41 fonts, out of 1000000 for 2000
 14 hyphenation exceptions out of 8191
 47i,10n,65p,338b,420s stack positions out of 5000i,500n,10000p,200000b,32768s
PDF statistics:
 78 PDF objects out of 300000
 20 named destinations out of 300000
 61 words of extra memory for PDF output out of 65536
<d:\tools\CTeX\texmf\fonts\type1\bluesky\cm\cmsy10.pfb><d
:\tools\CTeX\texmf\fonts\type1\bluesky\cm\cmmi10.pfb>{8r.enc}<d:\tools\CTeX\tex
mf\fonts\type1\urw\times\utmri8a.pfb><d:\tools\CTeX\texmf\fonts\type1\urw\times
\utmr8a.pfb><d:\tools\CTeX\texmf\fonts\type1\urw\times\utmb8a.pfb>
Output written on proposal.pdf (3 pages, 72079 bytes).
