This is pdfeTeX, Version 3.141592-1.21a-2.2 (MiKTeX 2.4) (preloaded format=latex 2008.8.29)  13 DEC 2008 15:37
entering extended mode
**report.tex
(report.tex
LaTeX2e <2005/12/01>
Babel <v3.8g> and hyphenation patterns for english, dumylang, nohyphenation, ge
rman, ngerman, french, loaded.
(d:\tools\CTeX\texmf\tex\latex\base\article.cls
Document Class: article 2005/09/16 v1.4f Standard LaTeX document class
(d:\tools\CTeX\texmf\tex\latex\base\size12.clo
File: size12.clo 2005/09/16 v1.4f Standard LaTeX file (size option)
)
\c@part=\count79
\c@section=\count80
\c@subsection=\count81
\c@subsubsection=\count82
\c@paragraph=\count83
\c@subparagraph=\count84
\c@figure=\count85
\c@table=\count86
\abovecaptionskip=\skip41
\belowcaptionskip=\skip42
\bibindent=\dimen102
)
(d:\tools\CTeX\texmf\tex\latex\psnfss\times.sty
Package: times 2005/04/12 PSNFSS-v9.2a (SPQR) 
)
(d:\tools\CTeX\texmf\tex\latex\graphics\graphicx.sty
Package: graphicx 1999/02/16 v1.0f Enhanced LaTeX Graphics (DPC,SPQR)

(d:\tools\CTeX\texmf\tex\latex\graphics\keyval.sty
Package: keyval 1999/03/16 v1.13 key=value parser (DPC)
\KV@toks@=\toks14
)
(d:\tools\CTeX\texmf\tex\latex\graphics\graphics.sty
Package: graphics 2006/02/20 v1.0o Standard LaTeX Graphics (DPC,SPQR)

(d:\tools\CTeX\texmf\tex\latex\graphics\trig.sty
Package: trig 1999/03/16 v1.09 sin cos tan (DPC)
)
(d:\tools\CTeX\texmf\tex\latex\00miktex\graphics.cfg
File: graphics.cfg 2005/12/29 v1.2 MiKTeX 'graphics' configuration
)
Package graphics Info: Driver file: pdftex.def on input line 90.

(d:\tools\CTeX\texmf\tex\latex\graphics\pdftex.def
File: pdftex.def 2006/08/14 v0.03t Graphics/color for pdfTeX
\Gread@gobject=\count87
))
\Gin@req@height=\dimen103
\Gin@req@width=\dimen104
)
(d:\tools\CTeX\texmf\tex\latex\graphics\color.sty
Package: color 2005/11/14 v1.0j Standard LaTeX Color (DPC)

(d:\tools\CTeX\texmf\tex\latex\00miktex\color.cfg
File: color.cfg 2005/12/29 v1.1 MiKTeX 'color' configuration
)
Package color Info: Driver file: pdftex.def on input line 130.
)
(d:\tools\CTeX\texmf\tex\latex\hyperref\hyperref.sty
Package: hyperref 2006/09/06 v6.75e Hypertext links for LaTeX
\@linkdim=\dimen105
\Hy@linkcounter=\count88
\Hy@pagecounter=\count89

(d:\tools\CTeX\texmf\tex\latex\hyperref\pd1enc.def
File: pd1enc.def 2006/09/06 v6.75e Hyperref: PDFDocEncoding definition (HO)
)
(d:\tools\CTeX\texmf\tex\latex\00miktex\hyperref.cfg
File: hyperref.cfg 2006/02/14 v1.1 MiKTeX 'hyperref' configuration
)
(d:\tools\CTeX\texmf\tex\latex\oberdiek\kvoptions.sty
Package: kvoptions 2006/08/22 v2.4 Connects package keyval with LaTeX options (
HO)
)
Package hyperref Info: Option `colorlinks' set `false' on input line 2073.
Package hyperref Info: Hyper figures OFF on input line 2123.
Package hyperref Info: Link nesting OFF on input line 2128.
Package hyperref Info: Hyper index ON on input line 2131.
Package hyperref Info: Plain pages OFF on input line 2138.
Package hyperref Info: Backreferencing OFF on input line 2143.

Implicit mode ON; LaTeX internals redefined
Package hyperref Info: Bookmarks ON on input line 2273.
(d:\tools\CTeX\texmf\tex\latex\ltxmisc\url.sty
\Urlmuskip=\muskip10
Package: url 2005/06/27  ver 3.2  Verb mode for urls, etc.
)
LaTeX Info: Redefining \url on input line 2428.
\Fld@menulength=\count90
\Field@Width=\dimen106
\Fld@charsize=\dimen107
\Choice@toks=\toks15
\Field@toks=\toks16
Package hyperref Info: Hyper figures OFF on input line 2906.
Package hyperref Info: Link nesting OFF on input line 2911.
Package hyperref Info: Hyper index ON on input line 2914.
Package hyperref Info: backreferencing OFF on input line 2921.
Package hyperref Info: Link coloring OFF on input line 2926.
\Hy@abspage=\count91
\c@Item=\count92
\c@Hfootnote=\count93
)
*hyperref using default driver hpdftex*
(d:\tools\CTeX\texmf\tex\latex\hyperref\hpdftex.def
File: hpdftex.def 2006/09/06 v6.75e Hyperref driver for pdfTeX
\Fld@listcount=\count94
)
(d:\tools\CTeX\texmf\tex\latex\tools\enumerate.sty
Package: enumerate 1999/03/05 v3.00 enumerate extensions (DPC)
\@enLab=\toks17
)
(d:\tools\CTeX\texmf\tex\latex\multirow\multirow.sty
\bigstrutjot=\dimen108
)
(d:\tools\CTeX\texmf\tex\latex\titling\titling.sty
Package: titling 2004/09/26 v2.1c maketitle typesetting
\thanksmarkwidth=\skip43
\thanksmargin=\skip44
\droptitle=\skip45
)
(d:\tools\CTeX\texmf\tex\latex\geometry\geometry.sty
Package: geometry 2002/07/08 v3.2 Page Geometry
\Gm@cnth=\count95
\Gm@cntv=\count96
\c@Gm@tempcnt=\count97
\Gm@bindingoffset=\dimen109
\Gm@wd@mp=\dimen110
\Gm@odd@mp=\dimen111
\Gm@even@mp=\dimen112
\Gm@dimlist=\toks18

(d:\tools\CTeX\texmf\tex\latex\geometry\geometry.cfg))
(d:\tools\CTeX\texmf\tex\latex\comment\comment.sty
\CommentStream=\write3
 Excluding comment 'comment') (d:\tools\CTeX\texmf\tex\latex\tools\indentfirst.
sty
Package: indentfirst 1995/11/23 v1.03 Indent first paragraph (DPC)
)
(d:\tools\CTeX\texmf\tex\latex\amsmath\amsmath.sty
Package: amsmath 2000/07/18 v2.13 AMS math features
\@mathmargin=\skip46

For additional information on amsmath, use the `?' option.
(d:\tools\CTeX\texmf\tex\latex\amsmath\amstext.sty
Package: amstext 2000/06/29 v2.01

(d:\tools\CTeX\texmf\tex\latex\amsmath\amsgen.sty
File: amsgen.sty 1999/11/30 v2.0
\@emptytoks=\toks19
\ex@=\dimen113
))
(d:\tools\CTeX\texmf\tex\latex\amsmath\amsbsy.sty
Package: amsbsy 1999/11/29 v1.2d
\pmbraise@=\dimen114
)
(d:\tools\CTeX\texmf\tex\latex\amsmath\amsopn.sty
Package: amsopn 1999/12/14 v2.01 operator names
)
\inf@bad=\count98
LaTeX Info: Redefining \frac on input line 211.
\uproot@=\count99
\leftroot@=\count100
LaTeX Info: Redefining \overline on input line 307.
\classnum@=\count101
\DOTSCASE@=\count102
LaTeX Info: Redefining \ldots on input line 379.
LaTeX Info: Redefining \dots on input line 382.
LaTeX Info: Redefining \cdots on input line 467.
\Mathstrutbox@=\box26
\strutbox@=\box27
\big@size=\dimen115
LaTeX Font Info:    Redeclaring font encoding OML on input line 567.
LaTeX Font Info:    Redeclaring font encoding OMS on input line 568.
\macc@depth=\count103
\c@MaxMatrixCols=\count104
\dotsspace@=\muskip11
\c@parentequation=\count105
\dspbrk@lvl=\count106
\tag@help=\toks20
\row@=\count107
\column@=\count108
\maxfields@=\count109
\andhelp@=\toks21
\eqnshift@=\dimen116
\alignsep@=\dimen117
\tagshift@=\dimen118
\tagwidth@=\dimen119
\totwidth@=\dimen120
\lineht@=\dimen121
\@envbody=\toks22
\multlinegap=\skip47
\multlinetaggap=\skip48
\mathdisplay@stack=\toks23
LaTeX Info: Redefining \[ on input line 2666.
LaTeX Info: Redefining \] on input line 2667.
) (report.aux)
LaTeX Font Info:    Checking defaults for OML/cmm/m/it on input line 38.
LaTeX Font Info:    ... okay on input line 38.
LaTeX Font Info:    Checking defaults for T1/cmr/m/n on input line 38.
LaTeX Font Info:    ... okay on input line 38.
LaTeX Font Info:    Checking defaults for OT1/cmr/m/n on input line 38.
LaTeX Font Info:    ... okay on input line 38.
LaTeX Font Info:    Checking defaults for OMS/cmsy/m/n on input line 38.
LaTeX Font Info:    ... okay on input line 38.
LaTeX Font Info:    Checking defaults for OMX/cmex/m/n on input line 38.
LaTeX Font Info:    ... okay on input line 38.
LaTeX Font Info:    Checking defaults for U/cmr/m/n on input line 38.
LaTeX Font Info:    ... okay on input line 38.
LaTeX Font Info:    Checking defaults for PD1/pdf/m/n on input line 38.
LaTeX Font Info:    ... okay on input line 38.
LaTeX Font Info:    Try loading font information for OT1+ptm on input line 38.

(d:\tools\CTeX\texmf\tex\latex\psnfss\ot1ptm.fd
File: ot1ptm.fd 2001/06/04 font definitions for OT1/ptm.
)
(d:\tools\CTeX\texmf\tex\context\base\supp-pdf.tex
(d:\tools\CTeX\texmf\tex\context\base\supp-mis.tex
loading : Context Support Macros / Miscellaneous (2004.10.26)
\protectiondepth=\count110
\scratchcounter=\count111
\scratchtoks=\toks24
\scratchdimen=\dimen122
\scratchskip=\skip49
\scratchmuskip=\muskip12
\scratchbox=\box28
\scratchread=\read1
\scratchwrite=\write4
\zeropoint=\dimen123
\onepoint=\dimen124
\onebasepoint=\dimen125
\minusone=\count112
\thousandpoint=\dimen126
\onerealpoint=\dimen127
\emptytoks=\toks25
\nextbox=\box29
\nextdepth=\dimen128
\everyline=\toks26
\!!counta=\count113
\!!countb=\count114
\recursecounter=\count115
)
loading : Context Support Macros / PDF (2004.03.26)
\nofMPsegments=\count116
\nofMParguments=\count117
\MPscratchCnt=\count118
\MPscratchDim=\dimen129
\MPnumerator=\count119
\everyMPtoPDFconversion=\toks27
)
Package hyperref Info: Link coloring OFF on input line 38.
 (d:\tools\CTeX\texmf\tex\latex\hyperref\nameref.sty
Package: nameref 2006/08/15 v2.26 Cross-referencing by name of section

(d:\tools\CTeX\texmf\tex\latex\oberdiek\refcount.sty
Package: refcount 2006/02/20 v3.0 Data extraction from references (HO)
)
\c@section@level=\count120
)
LaTeX Info: Redefining \ref on input line 38.
LaTeX Info: Redefining \pageref on input line 38.
 (report.out) (report.out)
\@outlinefile=\write5
-------------------- Geometry parameters
paper: a4paper
landscape: --
twocolumn: --
twoside: --
asymmetric: --
h-parts: 86.72377pt, 424.06033pt, 86.72377pt
v-parts: 86.72377pt, 671.5993pt, 86.72377pt
hmarginratio: --
vmarginratio: --
lines: --
heightrounded: --
bindingoffset: 0.0pt
truedimen: --
includehead: --
includefoot: --
includemp: --
driver: pdftex
-------------------- Page layout dimensions and switches
\paperwidth  597.50787pt
\paperheight 845.04684pt
\textwidth  424.06033pt
\textheight 671.5993pt
\oddsidemargin  14.45378pt
\evensidemargin 14.45378pt
\topmargin  -22.54622pt
\headheight 12.0pt
\headsep    25.0pt
\footskip   30.0pt
\marginparwidth 35.0pt
\marginparsep   10.0pt
\columnsep  10.0pt
\skip\footins  10.8pt plus 4.0pt minus 2.0pt
\hoffset 0.0pt
\voffset 0.0pt
\mag 1000

(1in=72.27pt, 1cm=28.45pt)
-----------------------
LaTeX Font Info:    Font shape `OT1/ptm/bx/n' in size <12> not available
(Font)              Font shape `OT1/ptm/b/n' tried instead on input line 40.
LaTeX Font Info:    Font shape `OT1/ptm/bx/n' in size <24.88> not available
(Font)              Font shape `OT1/ptm/b/n' tried instead on input line 40.
LaTeX Font Info:    Font shape `OT1/ptm/bx/n' in size <17.28> not available
(Font)              Font shape `OT1/ptm/b/n' tried instead on input line 40.
LaTeX Font Info:    Font shape `OT1/ptm/bx/n' in size <10.95> not available
(Font)              Font shape `OT1/ptm/b/n' tried instead on input line 41.
 <fig/dmfb.jpg, id=59, 493.0922pt x 310.15875pt>
File: fig/dmfb.jpg Graphic file (type jpg)
 <use fig/dmfb.jpg>
<fig/routing.pdf, id=60, 76.285pt x 100.375pt>
File: fig/routing.pdf Graphic file (type pdf)
 <use fig/routing.pdf>
<fig/highlow.pdf, id=61, 242.9075pt x 83.31125pt>
File: fig/highlow.pdf Graphic file (type pdf)
 <use fig/highlow.pdf>
<fig/eleinter.pdf, id=62, 167.62625pt x 67.25125pt>
File: fig/eleinter.pdf Graphic file (type pdf)
 <use fig/eleinter.pdf>
Overfull \hbox (0.77682pt too wide) in paragraph at lines 97--110
\OT1/ptm/m/n/10.95 the au-thor used a \OT1/ptm/m/it/10.95 robotic \OT1/ptm/m/n/
10.95 view-point to solve rout-ing. [[]][[]][[]] use $\OML/cmm/m/it/10.95 A\OMS
/cmsy/m/n/10.95 $ \OT1/ptm/m/it/10.95 search,network
 []

[1

{psfonts.map}] [2 <fig/dmfb.jpg> <fig/routing.pdf> <fig/highlow.pdf> <fig/elein
ter.pdf>]
Overfull \hbox (3.7327pt too wide) in paragraph at lines 121--124
\OT1/ptm/m/n/10.95 plish the par-al-lel mov-ing of droplet, which can be eas-il
y achieved in direct-addressing
 []

<fig/clique.pdf, id=152, 131.49126pt x 129.48375pt>
File: fig/clique.pdf Graphic file (type pdf)
 <use fig/clique.pdf>
LaTeX Font Info:    Try loading font information for OMS+ptm on input line 138.


(d:\tools\CTeX\texmf\tex\latex\psnfss\omsptm.fd
File: omsptm.fd 
)
LaTeX Font Info:    Font shape `OMS/ptm/m/n' in size <10.95> not available
(Font)              Font shape `OMS/cmsy/m/n' tried instead on input line 138.
 [3 <fig/clique.pdf>]
LaTeX Font Info:    Font shape `OT1/ptm/bx/n' in size <14.4> not available
(Font)              Font shape `OT1/ptm/b/n' tried instead on input line 150.

<fig/careful.pdf, id=196, 253.94875pt x 74.2775pt>
File: fig/careful.pdf Graphic file (type pdf)
 <use fig/careful.pdf>
<fig/criticalarea.jpg, id=197, 612.03656pt x 105.39375pt>
File: fig/criticalarea.jpg Graphic file (type jpg)

<use fig/criticalarea.jpg> <fig/merge.jpg, id=198, 422.32782pt x 90.3375pt>
File: fig/merge.jpg Graphic file (type jpg)

<use fig/merge.jpg> [4 <fig/careful.pdf> <fig/criticalarea.jpg>]
LaTeX Font Info:    Font shape `OMS/ptm/m/n' in size <12> not available
(Font)              Font shape `OMS/cmsy/m/n' tried instead on input line 221.
Missing character: There is no ¡ in font cmr12!
Missing character: There is no ­ in font cmr12!
Missing character: There is no ¡ in font cmr12!
Missing character: There is no ­ in font cmr12!
LaTeX Font Info:    Try loading font information for OT1+pcr on input line 263.


(d:\tools\CTeX\texmf\tex\latex\psnfss\ot1pcr.fd
File: ot1pcr.fd 2001/06/04 font definitions for OT1/pcr.
) [5 <fig/merge.jpg>]
Overfull \hbox (19.7809pt too wide) in paragraph at lines 311--319
 [][] 
 []

[6] (report.bbl [7]
Missing character: There is no Â in font ptmr7t!
Missing character: There is no ¨ in font ptmr7t!
Missing character: There is no Â in font ptmr7t!
Missing character: There is no ¢ in font ptmr7t!
Missing character: There is no Â in font ptmr7t!
Missing character: There is no ¨ in font ptmr7t!
Missing character: There is no Â in font ptmr7t!
Missing character: There is no ¦ in font ptmr7t!
Missing character: There is no Ã in font ptmr7t!
Missing character: There is no — in font ptmr7t!
) [8] (report.aux) ) 
Here is how much of TeX's memory you used:
 4245 strings out of 95503
 53885 string characters out of 1189109
 116708 words of memory out of 1114776
 7080 multiletter control sequences out of 60000
 22703 words of font info for 50 fonts, out of 1000000 for 2000
 14 hyphenation exceptions out of 8191
 27i,12n,36p,289b,438s stack positions out of 5000i,500n,10000p,200000b,32768s
PDF statistics:
 257 PDF objects out of 300000
 39 named destinations out of 300000
 161 words of extra memory for PDF output out of 65536
{8r.enc}<d:\tools\CTeX\texmf\fonts\type1\urw\courier\ucrr8a
.pfb><d:\tools\CTeX\texmf\fonts\type1\bluesky\cm\cmmi8.pfb><d:\tools\CTeX\texmf
\fonts\type1\bluesky\cm\cmr8.pfb><d:\tools\CTeX\texmf\fonts\type1\bluesky\cm\cm
mi12.pfb><d:\tools\CTeX\texmf\fonts\type1\bluesky\cm\cmr12.pfb><d:\tools\CTeX\t
exmf\fonts\type1\bluesky\cm\cmsy10.pfb><d:\tools\CTeX\texmf\fonts\type1\bluesky
\cm\cmmi10.pfb><d:\tools\CTeX\texmf\fonts\type1\urw\times\utmri8a.pfb><d:\tools
\CTeX\texmf\fonts\type1\urw\times\utmr8a.pfb><d:\tools\CTeX\texmf\fonts\type1\u
rw\times\utmb8a.pfb>
Output written on report.pdf (8 pages, 286144 bytes).
